Using pre-set license
Built from '2021.3/staging' branch; Version is '2021.3.32f1 (3b9dae9532f5) revision 3906990'; Using compiler version '192829333'; Build Type 'Release'
OS: 'Windows 10  (10.0.19045) 64bit Professional' Language: 'en' Physical Memory: 8060 MB
BatchMode: 1, IsHumanControllingUs: 0, StartBugReporterOnCrash: 0, Is64bit: 1, IsPro: 1

COMMAND LINE ARGUMENTS:
E:\2021.3.32f1\Editor\Unity.exe
-adb2
-batchMode
-noUpm
-name
AssetImportWorker3
-projectPath
C:/Users/ACC/Documents/GitHub/Top-Down-Shooter/Top Down Shooter
-logFile
Logs/AssetImportWorker3.log
-srvPort
56276
Successfully changed project path to: C:/Users/ACC/Documents/GitHub/Top-Down-Shooter/Top Down Shooter
C:/Users/ACC/Documents/GitHub/Top-Down-Shooter/Top Down Shooter
[UnityMemory] Configuration Parameters - Can be set up in boot.config
    "memorysetup-bucket-allocator-granularity=16"
    "memorysetup-bucket-allocator-bucket-count=8"
    "memorysetup-bucket-allocator-block-size=33554432"
    "memorysetup-bucket-allocator-block-count=8"
    "memorysetup-main-allocator-block-size=16777216"
    "memorysetup-thread-allocator-block-size=16777216"
    "memorysetup-gfx-main-allocator-block-size=16777216"
    "memorysetup-gfx-thread-allocator-block-size=16777216"
    "memorysetup-cache-allocator-block-size=4194304"
    "memorysetup-typetree-allocator-block-size=2097152"
    "memorysetup-profiler-bucket-allocator-granularity=16"
    "memorysetup-profiler-bucket-allocator-bucket-count=8"
    "memorysetup-profiler-bucket-allocator-block-size=33554432"
    "memorysetup-profiler-bucket-allocator-block-count=8"
    "memorysetup-profiler-allocator-block-size=16777216"
    "memorysetup-profiler-editor-allocator-block-size=1048576"
    "memorysetup-temp-allocator-size-main=16777216"
    "memorysetup-job-temp-allocator-block-size=2097152"
    "memorysetup-job-temp-allocator-block-size-background=1048576"
    "memorysetup-job-temp-allocator-reduction-small-platforms=262144"
    "memorysetup-temp-allocator-size-background-worker=32768"
    "memorysetup-temp-allocator-size-job-worker=262144"
    "memorysetup-temp-allocator-size-preload-manager=33554432"
    "memorysetup-temp-allocator-size-nav-mesh-worker=65536"
    "memorysetup-temp-allocator-size-audio-worker=65536"
    "memorysetup-temp-allocator-size-cloud-worker=32768"
    "memorysetup-temp-allocator-size-gi-baking-worker=262144"
    "memorysetup-temp-allocator-size-gfx=262144"
Player connection [21592] Host "[IP] 192.168.56.1 [Port] 0 [Flags] 2 [Guid] 3022565764 [EditorId] 3022565764 [Version] 1048832 [Id] WindowsEditor(7,DESKTOP-D6SL1M5) [Debug] 1 [PackageName] WindowsEditor [ProjectName] Editor" joined multi-casting on [225.0.0.222:54997]...

Player connection [21592] Host "[IP] 192.168.56.1 [Port] 0 [Flags] 2 [Guid] 3022565764 [EditorId] 3022565764 [Version] 1048832 [Id] WindowsEditor(7,DESKTOP-D6SL1M5) [Debug] 1 [PackageName] WindowsEditor [ProjectName] Editor" joined alternative multi-casting on [225.0.0.222:34997]...

[Physics::Module] Initialized MultithreadedJobDispatcher with {0} workers.
Refreshing native plugins compatible for Editor in 149.31 ms, found 4 plugins.
Preloading 0 native plugins for Editor in 0.00 ms.
Initialize engine version: 2021.3.32f1 (3b9dae9532f5)
[Subsystems] Discovering subsystems at path E:/2021.3.32f1/Editor/Data/Resources/UnitySubsystems
[Subsystems] Discovering subsystems at path C:/Users/ACC/Documents/GitHub/Top-Down-Shooter/Top Down Shooter/Assets
GfxDevice: creating device client; threaded=0; jobified=0
Direct3D:
    Version:  Direct3D 11.0 [level 11.1]
    Renderer: NVIDIA GeForce GTX 1050 Ti (ID=0x1c8c)
    Vendor:   NVIDIA
    VRAM:     4004 MB
    Driver:   31.0.15.5152
Initialize mono
Mono path[0] = 'E:/2021.3.32f1/Editor/Data/Managed'
Mono path[1] = 'E:/2021.3.32f1/Editor/Data/MonoBleedingEdge/lib/mono/unityjit-win32'
Mono config path = 'E:/2021.3.32f1/Editor/Data/MonoBleedingEdge/etc'
Using monoOptions --debugger-agent=transport=dt_socket,embedding=1,server=y,suspend=n,address=127.0.0.1:56204
Begin MonoManager ReloadAssembly
Registering precompiled unity dll's ...
Register platform support module: E:/2021.3.32f1/Editor/Data/PlaybackEngines/WebGLSupport/UnityEditor.WebGL.Extensions.dll
Register platform support module: E:/2021.3.32f1/Editor/Data/PlaybackEngines/AndroidPlayer/UnityEditor.Android.Extensions.dll
Register platform support module: E:/2021.3.32f1/Editor/Data/PlaybackEngines/WindowsStandaloneSupport/UnityEditor.WindowsStandalone.Extensions.dll
Registered in 0.004936 seconds.
Native extension for WindowsStandalone target not found
Native extension for Android target not found
Android Extension - Scanning For ADB Devices 834 ms
Native extension for WebGL target not found
Refreshing native plugins compatible for Editor in 151.51 ms, found 4 plugins.
Preloading 0 native plugins for Editor in 0.00 ms.
Mono: successfully reloaded assembly
- Completed reload, in  2.557 seconds
Domain Reload Profiling:
	ReloadAssembly (2558ms)
		BeginReloadAssembly (228ms)
			ExecutionOrderSort (0ms)
			DisableScriptedObjects (0ms)
			BackupInstance (0ms)
			ReleaseScriptingObjects (0ms)
			CreateAndSetChildDomain (1ms)
		EndReloadAssembly (1965ms)
			LoadAssemblies (228ms)
			RebuildTransferFunctionScriptingTraits (0ms)
			SetupTypeCache (456ms)
			ReleaseScriptCaches (0ms)
			RebuildScriptCaches (56ms)
			SetupLoadedEditorAssemblies (1385ms)
				LogAssemblyErrors (0ms)
				InitializePlatformSupportModulesInManaged (1028ms)
				SetLoadedEditorAssemblies (0ms)
				RefreshPlugins (152ms)
				BeforeProcessingInitializeOnLoad (1ms)
				ProcessInitializeOnLoadAttributes (123ms)
				ProcessInitializeOnLoadMethodAttributes (81ms)
				AfterProcessingInitializeOnLoad (0ms)
				EditorAssembliesLoaded (0ms)
			ExecutionOrderSort2 (0ms)
			AwakeInstancesAfterBackupRestoration (0ms)
Platform modules already initialized, skipping
Registering precompiled user dll's ...
Registered in 0.020481 seconds.
Begin MonoManager ReloadAssembly
Native extension for WindowsStandalone target not found
Native extension for Android target not found
Native extension for WebGL target not found
Refreshing native plugins compatible for Editor in 170.99 ms, found 4 plugins.
Preloading 0 native plugins for Editor in 0.00 ms.
Package Manager log level set to [2]
[Package Manager] Server::EnsureServerProcessIsRunning -- launch failed, reason: Unity was launched with the -noUpm command-line argument
[Package Manager] Cannot connect to Unity Package Manager local server
Mono: successfully reloaded assembly
- Completed reload, in  2.271 seconds
Domain Reload Profiling:
	ReloadAssembly (2272ms)
		BeginReloadAssembly (221ms)
			ExecutionOrderSort (0ms)
			DisableScriptedObjects (6ms)
			BackupInstance (0ms)
			ReleaseScriptingObjects (0ms)
			CreateAndSetChildDomain (24ms)
		EndReloadAssembly (1924ms)
			LoadAssemblies (210ms)
			RebuildTransferFunctionScriptingTraits (0ms)
			SetupTypeCache (388ms)
			ReleaseScriptCaches (1ms)
			RebuildScriptCaches (74ms)
			SetupLoadedEditorAssemblies (1303ms)
				LogAssemblyErrors (0ms)
				InitializePlatformSupportModulesInManaged (28ms)
				SetLoadedEditorAssemblies (0ms)
				RefreshPlugins (171ms)
				BeforeProcessingInitializeOnLoad (147ms)
				ProcessInitializeOnLoadAttributes (825ms)
				ProcessInitializeOnLoadMethodAttributes (128ms)
				AfterProcessingInitializeOnLoad (3ms)
				EditorAssembliesLoaded (0ms)
			ExecutionOrderSort2 (0ms)
			AwakeInstancesAfterBackupRestoration (7ms)
Platform modules already initialized, skipping
========================================================================
Worker process is ready to serve import requests
Launched and connected shader compiler UnityShaderCompiler.exe after 0.17 seconds
Refreshing native plugins compatible for Editor in 1.28 ms, found 4 plugins.
Preloading 0 native plugins for Editor in 0.00 ms.
Unloading 5355 Unused Serialized files (Serialized files now loaded: 0)
Unloading 41 unused Assets / (0.7 MB). Loaded Objects now: 5813.
Memory consumption went from 217.8 MB to 217.1 MB.
Total: 5.147000 ms (FindLiveObjects: 0.424900 ms CreateObjectMapping: 0.375600 ms MarkObjects: 3.989000 ms  DeleteObjects: 0.356400 ms)

AssetImportParameters requested are different than current active one (requested -> active):
  custom:video-decoder-ogg-theora: a1e56fd34408186e4bbccfd4996cb3dc -> 
  custom:container-muxer-webm: aa71ff27fc2769a1b78a27578f13a17b -> 
  custom:container-demuxer-webm: 4f35f7cbe854078d1ac9338744f61a02 -> 
  custom:video-encoder-webm-vp8: eb34c28f22e8b96e1ab97ce403110664 -> 
  custom:CustomObjectIndexerAttribute: 6b0e35c9178b02a6363f3721b7b8e397 -> 
  custom:audio-encoder-webm-vorbis: bf7c407c2cedff20999df2af8eb42d56 -> 
  custom:framework-win-MediaFoundation: 216162199b28c13a410421893ffa2e32 -> 
  custom:SearchIndexIgnoredProperties: e643bd26f0fe6173181afceb89e7c659 -> 
  custom:container-demuxer-ogg: 62fdf1f143b41e24485cea50d1cbac27 -> 
  custom:video-decoder-webm-vp8: 9c59270c3fd7afecdb556c50c9e8de78 -> 
  custom:audio-decoder-ogg-vorbis: bf7c407c2cedff20999df2af8eb42d56 -> 
========================================================================
Received Import Request.
  Time since last request: 19734.552541 seconds.
  path: Assets/free-2d-battle-tank-game-assets/SCML/Fire_Shots/Flame_B.png
  artifactKey: Guid(7951aa29951e9cf4f82a3de2faae86e5) Importer(815301076,1909f56bfc062723c751e8b465ee728b)
Number of updated assets reloaded before import = 0
Start importing Assets/free-2d-battle-tank-game-assets/SCML/Fire_Shots/Flame_B.png using Guid(7951aa29951e9cf4f82a3de2faae86e5) Importer(815301076,1909f56bfc062723c751e8b465ee728b)  -> (artifact id: '72d9b90dd111adb5235a1336fb2c7f27') in 0.267199 seconds 
Number of asset objects unloaded after import = 3
========================================================================
Received Import Request.
  Time since last request: 0.000045 seconds.
  path: Assets/free-2d-battle-tank-game-assets/SCML/Fire_Shots/Flame_H.png
  artifactKey: Guid(ef547e6d7ce32a74bb06b12152717035) Importer(815301076,1909f56bfc062723c751e8b465ee728b)
Number of updated assets reloaded before import = 0
Start importing Assets/free-2d-battle-tank-game-assets/SCML/Fire_Shots/Flame_H.png using Guid(ef547e6d7ce32a74bb06b12152717035) Importer(815301076,1909f56bfc062723c751e8b465ee728b)  -> (artifact id: '6d08769a8ffe7a3541e9637d5fb00f05') in 0.049912 seconds 
Number of asset objects unloaded after import = 3
========================================================================
Received Import Request.
  Time since last request: 0.000046 seconds.
  path: Assets/free-2d-battle-tank-game-assets/SCML/Fire_Shots/Flash_A_02.png
  artifactKey: Guid(8150d222d2a1fc54e9e6fea855fc5a6c) Importer(815301076,1909f56bfc062723c751e8b465ee728b)
Number of updated assets reloaded before import = 0
Start importing Assets/free-2d-battle-tank-game-assets/SCML/Fire_Shots/Flash_A_02.png using Guid(8150d222d2a1fc54e9e6fea855fc5a6c) Importer(815301076,1909f56bfc062723c751e8b465ee728b)  -> (artifact id: '998413d22962a1c855e73d69b44e1a11') in 0.041803 seconds 
Number of asset objects unloaded after import = 3
========================================================================
Received Import Request.
  Time since last request: 0.000042 seconds.
  path: Assets/free-2d-battle-tank-game-assets/SCML/Fire_Shots/Flash_B_02.png
  artifactKey: Guid(2666ae52c7bebe141a4443ef8b8e59a3) Importer(815301076,1909f56bfc062723c751e8b465ee728b)
Number of updated assets reloaded before import = 0
Start importing Assets/free-2d-battle-tank-game-assets/SCML/Fire_Shots/Flash_B_02.png using Guid(2666ae52c7bebe141a4443ef8b8e59a3) Importer(815301076,1909f56bfc062723c751e8b465ee728b)  -> (artifact id: 'c0d2c4cf48bad2b8b72664b4331c66ae') in 0.042521 seconds 
Number of asset objects unloaded after import = 3
========================================================================
Received Import Request.
  Time since last request: 0.000056 seconds.
  path: Assets/free-2d-battle-tank-game-assets/SCML/Fire_Shots/Flash_B_04.png
  artifactKey: Guid(897a3efa28a500c45911b6036e8cbc6a) Importer(815301076,1909f56bfc062723c751e8b465ee728b)
Number of updated assets reloaded before import = 0
Start importing Assets/free-2d-battle-tank-game-assets/SCML/Fire_Shots/Flash_B_04.png using Guid(897a3efa28a500c45911b6036e8cbc6a) Importer(815301076,1909f56bfc062723c751e8b465ee728b)  -> (artifact id: '27ef25ba7f0fd12f6771df7ccc39293f') in 0.048302 seconds 
Number of asset objects unloaded after import = 3
========================================================================
Received Import Request.
  Time since last request: 0.000026 seconds.
  path: Assets/free-2d-battle-tank-game-assets/SCML/Fire_Shots/Flash_B_03.png
  artifactKey: Guid(dc96eac1ae426ad45b8c239acf88dd52) Importer(815301076,1909f56bfc062723c751e8b465ee728b)
Number of updated assets reloaded before import = 0
Start importing Assets/free-2d-battle-tank-game-assets/SCML/Fire_Shots/Flash_B_03.png using Guid(dc96eac1ae426ad45b8c239acf88dd52) Importer(815301076,1909f56bfc062723c751e8b465ee728b)  -> (artifact id: 'd61ecad45f4eb11ba5d80f07f71fc26d') in 0.049409 seconds 
Number of asset objects unloaded after import = 3
========================================================================
Received Import Request.
  Time since last request: 0.000040 seconds.
  path: Assets/free-2d-battle-tank-game-assets/SCML/Fire_Shots/Flame_E.png
  artifactKey: Guid(71b8dedd11387c94da150379b67a8e6c) Importer(815301076,1909f56bfc062723c751e8b465ee728b)
Number of updated assets reloaded before import = 0
Start importing Assets/free-2d-battle-tank-game-assets/SCML/Fire_Shots/Flame_E.png using Guid(71b8dedd11387c94da150379b67a8e6c) Importer(815301076,1909f56bfc062723c751e8b465ee728b)  -> (artifact id: 'aa4d315ba6fb68f8ac08b4ffebf2aa29') in 0.054937 seconds 
Number of asset objects unloaded after import = 3
========================================================================
Received Import Request.
  Time since last request: 0.000067 seconds.
  path: Assets/free-2d-battle-tank-game-assets/SCML/Fire_Shots/Flash_A_04.png
  artifactKey: Guid(e76eac50df8520944a0d7e88963c2fbc) Importer(815301076,1909f56bfc062723c751e8b465ee728b)
Number of updated assets reloaded before import = 0
Start importing Assets/free-2d-battle-tank-game-assets/SCML/Fire_Shots/Flash_A_04.png using Guid(e76eac50df8520944a0d7e88963c2fbc) Importer(815301076,1909f56bfc062723c751e8b465ee728b)  -> (artifact id: 'e0ad86c27b7303617c3d9f94e8433240') in 0.047172 seconds 
Number of asset objects unloaded after import = 3
========================================================================
Received Import Request.
  Time since last request: 2.933403 seconds.
  path: Assets/free-2d-battle-tank-game-assets/SCML/Effects/Exhaust_Fire.png
  artifactKey: Guid(38d4ce8864adbb042960c01aa59e3c32) Importer(815301076,1909f56bfc062723c751e8b465ee728b)
Number of updated assets reloaded before import = 0
Start importing Assets/free-2d-battle-tank-game-assets/SCML/Effects/Exhaust_Fire.png using Guid(38d4ce8864adbb042960c01aa59e3c32) Importer(815301076,1909f56bfc062723c751e8b465ee728b)  -> (artifact id: '31ba2ed2c9aab52724f0504869292287') in 0.051215 seconds 
Number of asset objects unloaded after import = 3
========================================================================
Received Import Request.
  Time since last request: 0.000026 seconds.
  path: Assets/free-2d-battle-tank-game-assets/SCML/Effects/Explosion_G.png
  artifactKey: Guid(56f80b036bb97404a8981be81e6e92d2) Importer(815301076,1909f56bfc062723c751e8b465ee728b)
Number of updated assets reloaded before import = 0
Start importing Assets/free-2d-battle-tank-game-assets/SCML/Effects/Explosion_G.png using Guid(56f80b036bb97404a8981be81e6e92d2) Importer(815301076,1909f56bfc062723c751e8b465ee728b)  -> (artifact id: 'ffaf376c185f0b960463e439572beb8f') in 0.051795 seconds 
Number of asset objects unloaded after import = 3
========================================================================
Received Import Request.
  Time since last request: 0.000042 seconds.
  path: Assets/free-2d-battle-tank-game-assets/SCML/Effects/Smoke_C.png
  artifactKey: Guid(7a84f4b84b734504bba3dc4af57d2627) Importer(815301076,1909f56bfc062723c751e8b465ee728b)
Number of updated assets reloaded before import = 0
Start importing Assets/free-2d-battle-tank-game-assets/SCML/Effects/Smoke_C.png using Guid(7a84f4b84b734504bba3dc4af57d2627) Importer(815301076,1909f56bfc062723c751e8b465ee728b)  -> (artifact id: 'ede81462befbfaa251d66fbcef2be2cb') in 0.043050 seconds 
Number of asset objects unloaded after import = 3
========================================================================
Received Import Request.
  Time since last request: 0.000031 seconds.
  path: Assets/free-2d-battle-tank-game-assets/SCML/Effects/Smoke_A.png
  artifactKey: Guid(8f48f7d67c724b64e8822b605d25cb4e) Importer(815301076,1909f56bfc062723c751e8b465ee728b)
Number of updated assets reloaded before import = 0
Start importing Assets/free-2d-battle-tank-game-assets/SCML/Effects/Smoke_A.png using Guid(8f48f7d67c724b64e8822b605d25cb4e) Importer(815301076,1909f56bfc062723c751e8b465ee728b)  -> (artifact id: '93a85361c5d4cfa0c122151876825d13') in 0.050668 seconds 
Number of asset objects unloaded after import = 3
========================================================================
Received Import Request.
  Time since last request: 0.000052 seconds.
  path: Assets/free-2d-battle-tank-game-assets/SCML/Effects/Explosion_B.png
  artifactKey: Guid(2063861c944dbc2459430945e6aa4b59) Importer(815301076,1909f56bfc062723c751e8b465ee728b)
Number of updated assets reloaded before import = 0
Start importing Assets/free-2d-battle-tank-game-assets/SCML/Effects/Explosion_B.png using Guid(2063861c944dbc2459430945e6aa4b59) Importer(815301076,1909f56bfc062723c751e8b465ee728b)  -> (artifact id: '3b402e48379a1792e65bea2a8a916710') in 0.059651 seconds 
Number of asset objects unloaded after import = 3
========================================================================
Received Import Request.
  Time since last request: 0.000047 seconds.
  path: Assets/free-2d-battle-tank-game-assets/SCML/Effects/Explosion_A.png
  artifactKey: Guid(171baf20f868f8046b9dedd3a3fa5751) Importer(815301076,1909f56bfc062723c751e8b465ee728b)
Number of updated assets reloaded before import = 0
Start importing Assets/free-2d-battle-tank-game-assets/SCML/Effects/Explosion_A.png using Guid(171baf20f868f8046b9dedd3a3fa5751) Importer(815301076,1909f56bfc062723c751e8b465ee728b)  -> (artifact id: '04a8c532b17509a73081bb1101787b3f') in 0.060481 seconds 
Number of asset objects unloaded after import = 3
========================================================================
Received Import Request.
  Time since last request: 6.206976 seconds.
  path: Assets/free-2d-battle-tank-game-assets/PNG/Hulls_Color_B/Hull_02.png
  artifactKey: Guid(724246c37f9afde4291a5b1f8cf523d1) Importer(815301076,1909f56bfc062723c751e8b465ee728b)
Number of updated assets reloaded before import = 0
Start importing Assets/free-2d-battle-tank-game-assets/PNG/Hulls_Color_B/Hull_02.png using Guid(724246c37f9afde4291a5b1f8cf523d1) Importer(815301076,1909f56bfc062723c751e8b465ee728b)  -> (artifact id: 'f6d9cdbc555d59fcfc282675aa1338bd') in 0.062112 seconds 
Number of asset objects unloaded after import = 3
========================================================================
Received Import Request.
  Time since last request: 0.000034 seconds.
  path: Assets/free-2d-battle-tank-game-assets/PNG/Hulls_Color_B/Hull_03.png
  artifactKey: Guid(b703b3f2f34c1da4a8d8fd840d1ff894) Importer(815301076,1909f56bfc062723c751e8b465ee728b)
Number of updated assets reloaded before import = 0
Start importing Assets/free-2d-battle-tank-game-assets/PNG/Hulls_Color_B/Hull_03.png using Guid(b703b3f2f34c1da4a8d8fd840d1ff894) Importer(815301076,1909f56bfc062723c751e8b465ee728b)  -> (artifact id: 'b8a602acd43cc5db7dbc16da9f428d36') in 0.052560 seconds 
Number of asset objects unloaded after import = 3
========================================================================
Received Import Request.
  Time since last request: 0.000042 seconds.
  path: Assets/free-2d-battle-tank-game-assets/PNG/Hulls_Color_B/Hull_06.png
  artifactKey: Guid(c14a4957e51efb842aeed81494e3cc57) Importer(815301076,1909f56bfc062723c751e8b465ee728b)
Number of updated assets reloaded before import = 0
Start importing Assets/free-2d-battle-tank-game-assets/PNG/Hulls_Color_B/Hull_06.png using Guid(c14a4957e51efb842aeed81494e3cc57) Importer(815301076,1909f56bfc062723c751e8b465ee728b)  -> (artifact id: 'fd4aa504b7c60e07ede30c474e868f62') in 0.058863 seconds 
Number of asset objects unloaded after import = 3
========================================================================
Received Import Request.
  Time since last request: 0.000069 seconds.
  path: Assets/free-2d-battle-tank-game-assets/PNG/Hulls_Color_B/Hull_07.png
  artifactKey: Guid(1789b9a358a2a5b42a0b8ba872e026c4) Importer(815301076,1909f56bfc062723c751e8b465ee728b)
Number of updated assets reloaded before import = 0
Start importing Assets/free-2d-battle-tank-game-assets/PNG/Hulls_Color_B/Hull_07.png using Guid(1789b9a358a2a5b42a0b8ba872e026c4) Importer(815301076,1909f56bfc062723c751e8b465ee728b)  -> (artifact id: '5186cc3c9c6c6b51cf991225e765ee5a') in 0.056197 seconds 
Number of asset objects unloaded after import = 3
Editor requested this worker to shutdown with reason: Scaling down because of idle timeout
AssetImportWorker is now disconnected from the server
Process exiting
Exiting without the bug reporter. Application will terminate with return code 0